<?xml version="1.0" encoding="UTF-8"?>
<!-- Generated by org.testng.reporters.JUnitReportReporter -->
<testsuite skipped="0" hostname="BAA1332FDA" name="NewTest" tests="1" failures="0" timestamp="12 Jun 2017 09:09:48 GMT" time="21.889" errors="0">
  <testcase name="f" time="21.889" classname="NewTest"/>
</testsuite> <!-- NewTest -->
